<?xml version="1.0" encoding="UTF-8"?>
<!-- Generated by org.testng.reporters.JUnitReportReporter -->
<testsuite name="Academy.E2EProject.ValidateNavBar" tests="1" time="0.304" ignored="0" failures="0" timestamp="07 Jan 2021 08:39:20 GMT" skipped="0" hostname="ws-01-043" errors="0">
  <testcase name="validateNavigationBar" time="0.304" classname="Academy.E2EProject.ValidateNavBar"/>
</testsuite> <!-- Academy.E2EProject.ValidateNavBar -->
