<?xml version="1.0" encoding="UTF-8"?>
<!-- Generated by org.testng.reporters.JUnitReportReporter -->
<testsuite name="Academy.E2EProject.ValidateTitle" tests="1" time="0.166" ignored="0" failures="0" timestamp="07 Jan 2021 08:39:20 GMT" skipped="0" hostname="ws-01-043" errors="0">
  <testcase name="validateTitleOfHomePage" time="0.166" classname="Academy.E2EProject.ValidateTitle"/>
</testsuite> <!-- Academy.E2EProject.ValidateTitle -->
