<?xml version="1.0" encoding="UTF-8"?>
<!-- Generated by org.testng.reporters.JUnitReportReporter -->
<testsuite name="Academy.E2EProject.HomePage" tests="2" time="14.888" ignored="0" failures="0" timestamp="07 Jan 2021 08:39:20 GMT" skipped="0" hostname="ws-01-043" errors="0">
  <testcase name="basePageNavigation" time="3.559" classname="Academy.E2EProject.HomePage"/>
  <testcase name="basePageNavigation" time="11.329" classname="Academy.E2EProject.HomePage"/>
</testsuite> <!-- Academy.E2EProject.HomePage -->
