<?xml version="1.0" encoding="UTF-8"?>
<!-- Generated by org.testng.reporters.JUnitReportReporter -->
<testsuite hostname="ws-01-043" name="Academy.E2EProject.HomePage" tests="2" failures="0" timestamp="12 Jan 2021 16:17:55 GMT" time="17.222" errors="0">
  <testcase name="basePageNavigation" time="4.494" classname="Academy.E2EProject.HomePage"/>
  <testcase name="basePageNavigation" time="12.728" classname="Academy.E2EProject.HomePage"/>
</testsuite> <!-- Academy.E2EProject.HomePage -->
