<?xml version="1.0" encoding="UTF-8"?>
<!-- Generated by org.testng.reporters.JUnitReportReporter -->
<testsuite hostname="ws-01-043" name="Academy.E2EProject.HomePage" tests="2" failures="0" timestamp="16 Jan 2021 09:22:22 GMT" time="9.524" errors="0">
  <testcase name="basePageNavigation" time="3.003" classname="Academy.E2EProject.HomePage"/>
  <testcase name="basePageNavigation" time="6.521" classname="Academy.E2EProject.HomePage"/>
</testsuite> <!-- Academy.E2EProject.HomePage -->
