<?xml version="1.0" encoding="UTF-8"?>
<!-- Generated by org.testng.reporters.JUnitReportReporter -->
<testsuite hostname="ws-01-043" name="Academy.E2EProject.ValidateNavBar" tests="2" failures="0" timestamp="12 Jan 2021 16:17:55 GMT" time="0.252" errors="0">
  <testcase name="getval" time="0.001" classname="Academy.E2EProject.ValidateNavBar"/>
  <testcase name="validateNavigationBar" time="0.251" classname="Academy.E2EProject.ValidateNavBar"/>
</testsuite> <!-- Academy.E2EProject.ValidateNavBar -->
