<?xml version="1.0" encoding="UTF-8"?>
<testsuite xmlns:xsi="http://www.w3.org/2001/XMLSchema-instance" xsi:noNamespaceSchemaLocation="https://maven.apache.org/surefire/maven-surefire-plugin/xsd/surefire-test-report-3.0.xsd" version="3.0" name="TestSuite" time="27.17" tests="4" errors="0" skipped="0" failures="0">
  <properties>
    <property name="sun.desktop" value="windows"/>
    <property name="awt.toolkit" value="sun.awt.windows.WToolkit"/>
    <property name="file.encoding.pkg" value="sun.io"/>
    <property name="java.specification.version" value="1.8"/>
    <property name="sun.cpu.isalist" value="amd64"/>
    <property name="sun.jnu.encoding" value="Cp1252"/>
    <property name="java.class.path" value="C:\Users\kajal.thakur\workspace1\E2EProject\target\test-classes;C:\Users\kajal.thakur\workspace1\E2EProject\target\classes;C:\Users\kajal.thakur\.m2\repository\org\testng\testng\6.10\testng-6.10.jar;C:\Users\kajal.thakur\.m2\repository\com\beust\jcommander\1.48\jcommander-1.48.jar;C:\Users\kajal.thakur\.m2\repository\commons-io\commons-io\2.8.0\commons-io-2.8.0.jar;C:\Users\kajal.thakur\.m2\repository\com\aventstack\extentreports\4.0.9\extentreports-4.0.9.jar;C:\Users\kajal.thakur\.m2\repository\org\freemarker\freemarker\2.3.23\freemarker-2.3.23.jar;C:\Users\kajal.thakur\.m2\repository\org\mongodb\mongodb-driver\3.3.0\mongodb-driver-3.3.0.jar;C:\Users\kajal.thakur\.m2\repository\org\mongodb\mongodb-driver-core\3.3.0\mongodb-driver-core-3.3.0.jar;C:\Users\kajal.thakur\.m2\repository\org\mongodb\bson\3.3.0\bson-3.3.0.jar;C:\Users\kajal.thakur\.m2\repository\org\apache\httpcomponents\httpclient\4.5.2\httpclient-4.5.2.jar;C:\Users\kajal.thakur\.m2\repository\org\apache\httpcomponents\httpcore\4.4.4\httpcore-4.4.4.jar;C:\Users\kajal.thakur\.m2\repository\commons-logging\commons-logging\1.2\commons-logging-1.2.jar;C:\Users\kajal.thakur\.m2\repository\commons-codec\commons-codec\1.9\commons-codec-1.9.jar;C:\Users\kajal.thakur\.m2\repository\org\apache\httpcomponents\httpmime\4.5.2\httpmime-4.5.2.jar;C:\Users\kajal.thakur\.m2\repository\com\google\code\gson\gson\2.8.5\gson-2.8.5.jar;C:\Users\kajal.thakur\.m2\repository\org\apache\logging\log4j\log4j-core\2.14.0\log4j-core-2.14.0.jar;C:\Users\kajal.thakur\.m2\repository\org\apache\logging\log4j\log4j-api\2.14.0\log4j-api-2.14.0.jar;C:\Users\kajal.thakur\.m2\repository\org\seleniumhq\selenium\selenium-java\3.141.59\selenium-java-3.141.59.jar;C:\Users\kajal.thakur\.m2\repository\org\seleniumhq\selenium\selenium-api\3.141.59\selenium-api-3.141.59.jar;C:\Users\kajal.thakur\.m2\repository\org\seleniumhq\selenium\selenium-chrome-driver\3.141.59\selenium-chrome-driver-3.141.59.jar;C:\Users\kajal.thakur\.m2\repository\org\seleniumhq\selenium\selenium-edge-driver\3.141.59\selenium-edge-driver-3.141.59.jar;C:\Users\kajal.thakur\.m2\repository\org\seleniumhq\selenium\selenium-firefox-driver\3.141.59\selenium-firefox-driver-3.141.59.jar;C:\Users\kajal.thakur\.m2\repository\org\seleniumhq\selenium\selenium-ie-driver\3.141.59\selenium-ie-driver-3.141.59.jar;C:\Users\kajal.thakur\.m2\repository\org\seleniumhq\selenium\selenium-opera-driver\3.141.59\selenium-opera-driver-3.141.59.jar;C:\Users\kajal.thakur\.m2\repository\org\seleniumhq\selenium\selenium-remote-driver\3.141.59\selenium-remote-driver-3.141.59.jar;C:\Users\kajal.thakur\.m2\repository\org\seleniumhq\selenium\selenium-safari-driver\3.141.59\selenium-safari-driver-3.141.59.jar;C:\Users\kajal.thakur\.m2\repository\org\seleniumhq\selenium\selenium-support\3.141.59\selenium-support-3.141.59.jar;C:\Users\kajal.thakur\.m2\repository\net\bytebuddy\byte-buddy\1.8.15\byte-buddy-1.8.15.jar;C:\Users\kajal.thakur\.m2\repository\org\apache\commons\commons-exec\1.3\commons-exec-1.3.jar;C:\Users\kajal.thakur\.m2\repository\com\google\guava\guava\25.0-jre\guava-25.0-jre.jar;C:\Users\kajal.thakur\.m2\repository\com\google\code\findbugs\jsr305\1.3.9\jsr305-1.3.9.jar;C:\Users\kajal.thakur\.m2\repository\org\checkerframework\checker-compat-qual\2.0.0\checker-compat-qual-2.0.0.jar;C:\Users\kajal.thakur\.m2\repository\com\google\errorprone\error_prone_annotations\2.1.3\error_prone_annotations-2.1.3.jar;C:\Users\kajal.thakur\.m2\repository\com\google\j2objc\j2objc-annotations\1.1\j2objc-annotations-1.1.jar;C:\Users\kajal.thakur\.m2\repository\org\codehaus\mojo\animal-sniffer-annotations\1.14\animal-sniffer-annotations-1.14.jar;C:\Users\kajal.thakur\.m2\repository\com\squareup\okhttp3\okhttp\3.11.0\okhttp-3.11.0.jar;C:\Users\kajal.thakur\.m2\repository\com\squareup\okio\okio\1.14.0\okio-1.14.0.jar;C:\Users\kajal.thakur\.m2\repository\junit\junit\3.8.1\junit-3.8.1.jar;"/>
    <property name="java.vm.vendor" value="Oracle Corporation"/>
    <property name="sun.arch.data.model" value="64"/>
    <property name="user.variant" value=""/>
    <property name="java.vendor.url" value="http://java.oracle.com/"/>
    <property name="user.timezone" value="Asia/Calcutta"/>
    <property name="java.vm.specification.version" value="1.8"/>
    <property name="os.name" value="Windows 10"/>
    <property name="user.country" value="US"/>
    <property name="sun.java.launcher" value="SUN_STANDARD"/>
    <property name="sun.boot.library.path" value="C:\Program Files\Java\jre1.8.0_271\bin"/>
    <property name="sun.java.command" value="C:\Users\kajal.thakur\AppData\Local\Temp\surefire436578222177548106\surefirebooter2256021799223339826.jar C:\Users\kajal.thakur\AppData\Local\Temp\surefire436578222177548106 2021-01-07T14-08-52_098-jvmRun1 surefire119243903971657001tmp surefire_01874409324236320778tmp"/>
    <property name="surefire.test.class.path" value="C:\Users\kajal.thakur\workspace1\E2EProject\target\test-classes;C:\Users\kajal.thakur\workspace1\E2EProject\target\classes;C:\Users\kajal.thakur\.m2\repository\org\testng\testng\6.10\testng-6.10.jar;C:\Users\kajal.thakur\.m2\repository\com\beust\jcommander\1.48\jcommander-1.48.jar;C:\Users\kajal.thakur\.m2\repository\commons-io\commons-io\2.8.0\commons-io-2.8.0.jar;C:\Users\kajal.thakur\.m2\repository\com\aventstack\extentreports\4.0.9\extentreports-4.0.9.jar;C:\Users\kajal.thakur\.m2\repository\org\freemarker\freemarker\2.3.23\freemarker-2.3.23.jar;C:\Users\kajal.thakur\.m2\repository\org\mongodb\mongodb-driver\3.3.0\mongodb-driver-3.3.0.jar;C:\Users\kajal.thakur\.m2\repository\org\mongodb\mongodb-driver-core\3.3.0\mongodb-driver-core-3.3.0.jar;C:\Users\kajal.thakur\.m2\repository\org\mongodb\bson\3.3.0\bson-3.3.0.jar;C:\Users\kajal.thakur\.m2\repository\org\apache\httpcomponents\httpclient\4.5.2\httpclient-4.5.2.jar;C:\Users\kajal.thakur\.m2\repository\org\apache\httpcomponents\httpcore\4.4.4\httpcore-4.4.4.jar;C:\Users\kajal.thakur\.m2\repository\commons-logging\commons-logging\1.2\commons-logging-1.2.jar;C:\Users\kajal.thakur\.m2\repository\commons-codec\commons-codec\1.9\commons-codec-1.9.jar;C:\Users\kajal.thakur\.m2\repository\org\apache\httpcomponents\httpmime\4.5.2\httpmime-4.5.2.jar;C:\Users\kajal.thakur\.m2\repository\com\google\code\gson\gson\2.8.5\gson-2.8.5.jar;C:\Users\kajal.thakur\.m2\repository\org\apache\logging\log4j\log4j-core\2.14.0\log4j-core-2.14.0.jar;C:\Users\kajal.thakur\.m2\repository\org\apache\logging\log4j\log4j-api\2.14.0\log4j-api-2.14.0.jar;C:\Users\kajal.thakur\.m2\repository\org\seleniumhq\selenium\selenium-java\3.141.59\selenium-java-3.141.59.jar;C:\Users\kajal.thakur\.m2\repository\org\seleniumhq\selenium\selenium-api\3.141.59\selenium-api-3.141.59.jar;C:\Users\kajal.thakur\.m2\repository\org\seleniumhq\selenium\selenium-chrome-driver\3.141.59\selenium-chrome-driver-3.141.59.jar;C:\Users\kajal.thakur\.m2\repository\org\seleniumhq\selenium\selenium-edge-driver\3.141.59\selenium-edge-driver-3.141.59.jar;C:\Users\kajal.thakur\.m2\repository\org\seleniumhq\selenium\selenium-firefox-driver\3.141.59\selenium-firefox-driver-3.141.59.jar;C:\Users\kajal.thakur\.m2\repository\org\seleniumhq\selenium\selenium-ie-driver\3.141.59\selenium-ie-driver-3.141.59.jar;C:\Users\kajal.thakur\.m2\repository\org\seleniumhq\selenium\selenium-opera-driver\3.141.59\selenium-opera-driver-3.141.59.jar;C:\Users\kajal.thakur\.m2\repository\org\seleniumhq\selenium\selenium-remote-driver\3.141.59\selenium-remote-driver-3.141.59.jar;C:\Users\kajal.thakur\.m2\repository\org\seleniumhq\selenium\selenium-safari-driver\3.141.59\selenium-safari-driver-3.141.59.jar;C:\Users\kajal.thakur\.m2\repository\org\seleniumhq\selenium\selenium-support\3.141.59\selenium-support-3.141.59.jar;C:\Users\kajal.thakur\.m2\repository\net\bytebuddy\byte-buddy\1.8.15\byte-buddy-1.8.15.jar;C:\Users\kajal.thakur\.m2\repository\org\apache\commons\commons-exec\1.3\commons-exec-1.3.jar;C:\Users\kajal.thakur\.m2\repository\com\google\guava\guava\25.0-jre\guava-25.0-jre.jar;C:\Users\kajal.thakur\.m2\repository\com\google\code\findbugs\jsr305\1.3.9\jsr305-1.3.9.jar;C:\Users\kajal.thakur\.m2\repository\org\checkerframework\checker-compat-qual\2.0.0\checker-compat-qual-2.0.0.jar;C:\Users\kajal.thakur\.m2\repository\com\google\errorprone\error_prone_annotations\2.1.3\error_prone_annotations-2.1.3.jar;C:\Users\kajal.thakur\.m2\repository\com\google\j2objc\j2objc-annotations\1.1\j2objc-annotations-1.1.jar;C:\Users\kajal.thakur\.m2\repository\org\codehaus\mojo\animal-sniffer-annotations\1.14\animal-sniffer-annotations-1.14.jar;C:\Users\kajal.thakur\.m2\repository\com\squareup\okhttp3\okhttp\3.11.0\okhttp-3.11.0.jar;C:\Users\kajal.thakur\.m2\repository\com\squareup\okio\okio\1.14.0\okio-1.14.0.jar;C:\Users\kajal.thakur\.m2\repository\junit\junit\3.8.1\junit-3.8.1.jar;"/>
    <property name="sun.cpu.endian" value="little"/>
    <property name="user.home" value="C:\Users\kajal.thakur"/>
    <property name="user.language" value="en"/>
    <property name="java.specification.vendor" value="Oracle Corporation"/>
    <property name="java.home" value="C:\Program Files\Java\jre1.8.0_271"/>
    <property name="basedir" value="C:\Users\kajal.thakur\workspace1\E2EProject"/>
    <property name="file.separator" value="\"/>
    <property name="line.separator" value="&#10;"/>
    <property name="java.vm.specification.vendor" value="Oracle Corporation"/>
    <property name="java.specification.name" value="Java Platform API Specification"/>
    <property name="java.awt.graphicsenv" value="sun.awt.Win32GraphicsEnvironment"/>
    <property name="surefire.real.class.path" value="C:\Users\kajal.thakur\AppData\Local\Temp\surefire436578222177548106\surefirebooter2256021799223339826.jar"/>
    <property name="sun.boot.class.path" value="C:\Program Files\Java\jre1.8.0_271\lib\resources.jar;C:\Program Files\Java\jre1.8.0_271\lib\rt.jar;C:\Program Files\Java\jre1.8.0_271\lib\sunrsasign.jar;C:\Program Files\Java\jre1.8.0_271\lib\jsse.jar;C:\Program Files\Java\jre1.8.0_271\lib\jce.jar;C:\Program Files\Java\jre1.8.0_271\lib\charsets.jar;C:\Program Files\Java\jre1.8.0_271\lib\jfr.jar;C:\Program Files\Java\jre1.8.0_271\classes"/>
    <property name="user.script" value=""/>
    <property name="sun.management.compiler" value="HotSpot 64-Bit Tiered Compilers"/>
    <property name="java.runtime.version" value="1.8.0_271-b09"/>
    <property name="user.name" value="kajal.thakur"/>
    <property name="path.separator" value=";"/>
    <property name="os.version" value="10.0"/>
    <property name="java.endorsed.dirs" value="C:\Program Files\Java\jre1.8.0_271\lib\endorsed"/>
    <property name="java.runtime.name" value="Java(TM) SE Runtime Environment"/>
    <property name="file.encoding" value="Cp1252"/>
    <property name="java.vm.name" value="Java HotSpot(TM) 64-Bit Server VM"/>
    <property name="localRepository" value="C:\Users\kajal.thakur\.m2\repository"/>
    <property name="java.vendor.url.bug" value="http://bugreport.sun.com/bugreport/"/>
    <property name="java.io.tmpdir" value="C:\Users\KAJAL~1.THA\AppData\Local\Temp\"/>
    <property name="java.version" value="1.8.0_271"/>
    <property name="user.dir" value="C:\Users\kajal.thakur\workspace1\E2EProject"/>
    <property name="os.arch" value="amd64"/>
    <property name="webdriver.gecko.driver" value="D:\Driver\geckodriver.exe"/>
    <property name="java.vm.specification.name" value="Java Virtual Machine Specification"/>
    <property name="java.awt.printerjob" value="sun.awt.windows.WPrinterJob"/>
    <property name="sun.os.patch.level" value=""/>
    <property name="java.library.path" value="C:\Program Files\Java\jre1.8.0_271\bin;C:\WINDOWS\Sun\Java\bin;C:\WINDOWS\system32;C:\WINDOWS;C:/Program Files/Java/jre1.8.0_271/bin/server;C:/Program Files/Java/jre1.8.0_271/bin;C:/Program Files/Java/jre1.8.0_271/lib/amd64;C:\Program Files (x86)\Common Files\Oracle\Java\javapath;C:\WINDOWS\system32;C:\WINDOWS;C:\WINDOWS\System32\Wbem;C:\WINDOWS\System32\WindowsPowerShell\v1.0\;C:\WINDOWS\System32\OpenSSH\;C:\ProgramData\chocolatey\bin;C:\Program Files (x86)\Git\cmd;C:\Program Files (x86)\GitExtensions\;C:\Program Files\Microsoft VS Code\bin;C:\Program Files\nodejs\;C:\Program Files\Java\jre1.8.0_201;C:\Program Files\apache-maven-3.6.1\bin;C:\gradle-5.4.1\bin;C:\Program Files\Java\jdk1.8.0_201;C:\Program Files\Java\jdk1.8.0_201\bin;C:\Python27;C:\Program Files\MySQL\MySQL Shell 8.0\bin\;C:\Users\kajal.thakur\AppData\Local\Microsoft\WindowsApps;;C:\Users\kajal.thakur\AppData\Local\Programs\Fiddler;C:\Users\kajal.thakur\AppData\Local\Microsoft\WindowsApps;D:\software\eclipse-jee-neon-3-win32-x86_64\eclipse;;."/>
    <property name="java.vm.info" value="mixed mode"/>
    <property name="java.vendor" value="Oracle Corporation"/>
    <property name="java.vm.version" value="25.271-b09"/>
    <property name="java.ext.dirs" value="C:\Program Files\Java\jre1.8.0_271\lib\ext;C:\WINDOWS\Sun\Java\lib\ext"/>
    <property name="sun.io.unicode.encoding" value="UnicodeLittle"/>
    <property name="java.class.version" value="52.0"/>
  </properties>
  <testcase name="validateNavigationBar" classname="Academy.E2EProject.ValidateNavBar" time="0.304">
    <system-out><![CDATA[firefox
firefox
firefox
firefox
firefox
firefox
]]></system-out>
    <system-err><![CDATA[1610008735718	geckodriver	INFO	Listening on 127.0.0.1:4294
1610008735752	geckodriver	INFO	Listening on 127.0.0.1:7400
1610008735768	geckodriver	INFO	Listening on 127.0.0.1:14223
1610008736618	mozrunner::runner	INFO	Running command: "C:\\Program Files\\Mozilla Firefox\\firefox.exe" "1-6-1m0ar0i08on73et66t2e"1 	m"o-zfrournegnrer::runner	INFO	Rouunnndin"g  "c-onmom-arnde:m o"tCe:" \"\-Pprroogfraiml eF"i l"eCs:\\\\MUoszeirlsl\a\ KFAiJreAfL~o1x.\T\HfAi\r\eAfpopxD.aetxae\"\ L"o-c-amla\r\iTo1e6nm1ept0\\0r0us8t_motzprofilesiKF8b"
e" "-foreground" "-no-remote" "7-3p6r6o2f3i	lmeo"z r"uCn:\\Users\\KAJAneLr~1::.rTHunAn\\erA	ppIDNaFOt	aR\\unLnoicnalg\ \cToemmmpa\nd\:r u"sCt:_\m\oPzrporgorfaiml eFidlJeXesZ\\OM"
ozilla Firefox\\firefox.exe" "--marionette" "-foreground" "-no-remote" "-profile" "C:\\Users\\KAJAL~1.THA\\AppData\\Local\\Temp\\rust_mozprofileUW5nw6"
Can't find symbol 'eglSwapBuffersWithDamageEXT'.
Can't find symbol 'eglSetDamageRegionKHR'.
Can't find symbol 'eglSwapBuffersWithDamageEXT'.
Can't find symbol 'eglSetDamageRegionKHR'.
Can't find symbol 'eglSwapBuffersWithDamageEXT'.
Can't find symbol 'eglSetDamageRegionKHR'.
console.warn: SearchSettings: "get: No settings file exists, new profile?" (new Error("", "(unknown module)"))
console.warn: SearchSettings: "get: No settings file exists, new profile?" (new Error("", "(unknown module)"))
console.warn: SearchSettings: "get: No settings file exists, new profile?" (new Error("", "(unknown module)"))
1610008742957	Marionette	INFO	Listening on port 65087
1610008743144	Marionette	WARN	TLS certificate errors will be ignored for this session
Jan 07, 2021 2:09:03 PM org.openqa.selenium.remote.ProtocolHandshake createSession
INFO: Detected dialect: W3C
1610008744108	Marionette	INFO	Listening on port 65086
1610008744446	Marionette	WARN	TLS certificate errors will be ignored for this session
Jan 07, 2021 2:09:04 PM org.openqa.selenium.remote.ProtocolHandshake createSession
INFO: Detected dialect: W3C
1610008744758	Marionette	INFO	Listening on port 65088
1610008745208	Marionette	WARN	TLS certificate errors will be ignored for this session
Jan 07, 2021 2:09:05 PM org.openqa.selenium.remote.ProtocolHandshake createSession
INFO: Detected dialect: W3C
]]></system-err>
  </testcase>
  <testcase name="validateTitleOfHomePage" classname="Academy.E2EProject.ValidateTitle" time="0.162">
    <system-out><![CDATA[Hello1
]]></system-out>
    <system-err><![CDATA[1610008753188	Marionette	INFO	Stopped listening on port 65087
JavaScript error: resource://gre/modules/Sqlite.jsm, line 1031: Error: Sqlite.jsm has been shutdown. Cannot open connection to: C:\Users\kajal.thakur\AppData\Local\Temp\rust_mozprofileUW5nw6\protections.sqlite
]]></system-err>
  </testcase>
  <testcase name="basePageNavigation[nonrestricteduser@qw.com, 123456, Hello1](1)" classname="Academy.E2EProject.HomePage" time="0.995">
    <system-err><![CDATA[1610008755174	Marionette	INFO	Stopped listening on port 65088
JavaScript error: resource://gre/modules/Sqlite.jsm, line 1031: Error: Sqlite.jsm has been shutdown. Cannot open connection to: C:\Users\kajal.thakur\AppData\Local\Temp\rust_mozprofilesiKF8b\protections.sqlite
]]></system-err>
  </testcase>
  <testcase name="basePageNavigation[restricteduser@qw.com, 123456, Hello2](2)" classname="Academy.E2EProject.HomePage" time="3.553">
    <system-out><![CDATA[Hello2
]]></system-out>
  </testcase>
</testsuite>